<?xml version="1.0" encoding="UTF-8"?>
<!-- Generated by org.testng.reporters.JUnitXMLReporter -->
<testsuite ignored="0" hostname="DESKTOP-572F86P" failures="0" tests="3" name="Sales app" time="93.0" errors="0" timestamp="2023-01-04T19:26:27 IST">
  <testcase classname="com.qa.Test.AccountPageTest" name="addparentacc" time="24.067"/>
  <testcase classname="com.qa.Test.AccountPageTest" name="createAcc" time="18.312"/>
  <testcase classname="com.qa.Test.ContactPageTest" name="createcontact" time="20.1"/>
</testsuite> <!-- Sales app -->
